{
  "RSpec": {
    "coverage": {
      "/Users/cece/turing/3mod/projects/weather_music2/config/environment.rb": {
        "lines": [
          1,
          null,
          1,
          1,
          null,
          1,
          1
        ]
      },
      "/Users/cece/turing/3mod/projects/weather_music2/app/controllers/application_controller.rb": {
        "lines": [
          1,
          null,
          1,
          null,
          1,
          1,
          1,
          null,
          null,
          1,
          1,
          null,
          null,
          1,
          0,
          0,
          0,
          0,
          0,
          0,
          null,
          0,
          null,
          null,
          1,
          4,
          3,
          null,
          3,
          90,
          3,
          3,
          null,
          3,
          null,
          3,
          60,
          null,
          null,
          3,
          null,
          1,
          null,
          null,
          null,
          1,
          3,
          3,
          3,
          3,
          null,
          null,
          1,
          3,
          3,
          3,
          null,
          3,
          null,
          null,
          1,
          3,
          3,
          3,
          3,
          null,
          3,
          3,
          3,
          3,
          null,
          3,
          3,
          0,
          null,
          3,
          null,
          null,
          null,
          1,
          3,
          3,
          3,
          3,
          null,
          3,
          3,
          3,
          3,
          null,
          3,
          null,
          null,
          1,
          3,
          3,
          3,
          3,
          3,
          3,
          null,
          null,
          1,
          4,
          null,
          null
        ]
      },
      "/Users/cece/turing/3mod/projects/weather_music2/app/controllers/weather_music_controller.rb": {
        "lines": [
          1,
          1,
          1,
          null,
          1,
          1,
          5,
          null,
          null,
          1,
          4,
          null,
          null,
          1,
          0,
          null,
          null
        ]
      },
      "/Users/cece/turing/3mod/projects/weather_music2/app/poros/forecast.rb": {
        "lines": [
          1,
          1,
          null,
          null,
          null,
          null,
          null,
          null,
          null,
          null,
          null,
          null,
          null,
          null,
          null,
          null,
          1,
          5,
          5,
          5,
          5,
          5,
          5,
          5,
          5,
          5,
          5,
          5,
          5,
          5,
          5,
          null,
          null
        ]
      },
      "/Users/cece/turing/3mod/projects/weather_music2/app/poros/track.rb": {
        "lines": [
          1,
          1,
          null,
          null,
          null,
          1,
          62,
          62,
          62,
          null,
          null
        ]
      },
      "/Users/cece/turing/3mod/projects/weather_music2/app/serializers/playlist_serializer.rb": {
        "lines": [
          1,
          null,
          1,
          1,
          1,
          null,
          null,
          1,
          1,
          null,
          null,
          null,
          null,
          null,
          null,
          null,
          null,
          null,
          null,
          null,
          null,
          null
        ]
      },
      "/Users/cece/turing/3mod/projects/weather_music2/app/serializers/weather_music_serializer.rb": {
        "lines": [
          1,
          null,
          1,
          6,
          6,
          null,
          null,
          1,
          4,
          null,
          null,
          null,
          null,
          null,
          null,
          null,
          null,
          null,
          null,
          null,
          null,
          null,
          null,
          1,
          2,
          null,
          null,
          null,
          null,
          null,
          null,
          null,
          null,
          null,
          null
        ]
      },
      "/Users/cece/turing/3mod/projects/weather_music2/app/services/spotify_service.rb": {
        "lines": [
          1,
          1,
          1,
          null,
          1,
          1,
          3,
          null,
          null,
          1,
          3,
          null,
          null,
          1,
          0,
          null,
          null,
          1,
          0,
          null,
          null,
          1,
          null,
          1,
          3,
          null,
          null,
          3,
          null,
          null,
          1,
          3,
          null,
          null,
          3,
          null,
          null,
          1,
          0,
          0,
          0,
          0,
          0,
          0,
          null,
          0,
          null,
          null,
          1,
          0,
          0,
          0,
          0,
          0,
          0,
          null,
          0,
          null,
          null,
          1,
          3,
          3,
          null,
          null,
          1,
          3,
          3,
          null,
          null
        ]
      },
      "/Users/cece/turing/3mod/projects/weather_music2/app/services/weather_service.rb": {
        "lines": [
          1,
          1,
          1,
          null,
          1,
          1,
          4,
          null,
          null,
          1,
          null,
          1,
          4,
          4,
          null,
          null,
          null,
          1,
          4,
          4,
          null,
          null
        ]
      },
      "/Users/cece/turing/3mod/projects/weather_music2/spec/poros/forecast_spec.rb": {
        "lines": [
          1,
          null,
          1,
          1,
          1,
          null,
          null,
          null,
          null,
          null,
          null,
          null,
          null,
          null,
          null,
          null,
          null,
          null,
          null,
          1,
          null,
          1,
          1,
          1,
          1,
          1,
          1,
          1,
          1,
          1,
          1,
          1,
          1,
          1,
          1,
          null,
          null
        ]
      },
      "/Users/cece/turing/3mod/projects/weather_music2/spec/poros/track_spec.rb": {
        "lines": [
          1,
          null,
          1,
          1,
          1,
          null,
          null,
          null,
          null,
          null,
          null,
          null,
          null,
          null,
          1,
          null,
          1,
          1,
          1,
          1,
          null,
          null
        ]
      },
      "/Users/cece/turing/3mod/projects/weather_music2/spec/serializer/playlist_serializer_spec.rb": {
        "lines": [
          1,
          null,
          1,
          1,
          1,
          1,
          null,
          1,
          null,
          1,
          1,
          1,
          null,
          null
        ]
      },
      "/Users/cece/turing/3mod/projects/weather_music2/spec/serializer/weather_music_serializer_spec.rb": {
        "lines": [
          1,
          null,
          1,
          1,
          1,
          null,
          null,
          null,
          null,
          null,
          null,
          null,
          null,
          null,
          null,
          null,
          null,
          null,
          null,
          1,
          null,
          null,
          null,
          null,
          null,
          null,
          null,
          null,
          null,
          null,
          1,
          1,
          1,
          null,
          1,
          1,
          1,
          1,
          1,
          1,
          1,
          1,
          1,
          1,
          1,
          1,
          1,
          null,
          1,
          1,
          1,
          null,
          null,
          1,
          1,
          1,
          1,
          1,
          1,
          1,
          null,
          null
        ]
      },
      "/Users/cece/turing/3mod/projects/weather_music2/spec/weather_music_controller_spec.rb": {
        "lines": [
          1,
          null,
          1,
          5,
          null,
          null,
          1,
          1,
          1,
          1,
          1,
          1,
          null,
          1,
          1,
          null,
          1,
          null,
          1,
          1,
          1,
          1,
          1,
          1,
          1,
          1,
          1,
          1,
          1,
          1,
          1,
          null,
          1,
          1,
          1,
          null,
          1,
          1,
          null,
          null,
          null,
          1,
          1,
          1,
          1,
          1,
          null,
          1,
          1,
          null,
          1,
          1,
          1,
          1,
          1,
          1,
          1,
          1,
          1,
          1,
          1,
          1,
          1,
          1,
          null,
          1,
          1,
          1,
          null,
          1,
          1,
          null,
          null,
          null,
          1,
          1,
          1,
          1,
          1,
          null,
          1,
          1,
          null,
          1,
          1,
          1,
          1,
          1,
          1,
          1,
          1,
          1,
          1,
          1,
          1,
          1,
          1,
          null,
          1,
          1,
          1,
          null,
          1,
          1,
          null,
          null,
          null,
          1,
          1,
          1,
          1,
          1,
          null,
          1,
          1,
          null,
          1,
          null,
          1,
          1,
          1,
          1,
          1,
          null,
          null,
          null
        ]
      }
    },
    "timestamp": 1600294402
  }
}
